[     641ms] [WARNING] Hotjar not launching due to suspicious userAgent: Mozilla/5.0 (Windows NT 10.0; Win64; x64) AppleWebKit/537.36 (KHTML, like Gecko) HeadlessChrome/144.0.0.0 Safari/537.36 @ https://console.devant.dev/assets/index-EvsumQSg.js:57
[    1166ms] [ERROR] Failed to load resource: the server responded with a status of 404 () @ https://cdn.matomo.cloud/wso20.matomo.cloud/matomo.js:0
[    8657ms] [ERROR] Access to fetch at 'https://devant-cdn.wso2.com/20251114021829/node_modules/vsda/rust/web/vsda_bg.wasm' from origin 'https://0c4da781-e1fb-4e8a-a9c4-ed5cf49adb7f.editor.e1-us-east-azure.devant.dev' has been blocked by CORS policy: No 'Access-Control-Allow-Origin' header is present on the requested resource. @ https://0c4da781-e1fb-4e8a-a9c4-ed5cf49adb7f.editor.e1-us-east-azure.devant.dev/?folder=%2Ftmp%2Fchouser%2Fproject:0
[    8657ms] [ERROR] Failed to load resource: net::ERR_FAILED @ https://devant-cdn.wso2.com/20251114021829/node_modules/vsda/rust/web/vsda_bg.wasm:0
[   10567ms] [WARNING] The web worker extension host is started in a same-origin iframe! @ https://devant-cdn.wso2.com/20251114021829/out/vs/code/browser/workbench/workbench.js:3556
[   10635ms] [ERROR] Failed to decrypt secrets from localStorage OperationError
    at uDi.unseal (https://devant-cdn.wso2.com/20251114021829/out/vs/code/browser/workbench/workbench.js:3823:13687)
    at async fDi.d (https://devant-cdn.wso2.com/20251114021829/out/vs/code/browser/workbench/workbench.js:3823:14717) @ https://devant-cdn.wso2.com/20251114021829/out/vs/code/browser/workbench/workbench.js:3822
[   10798ms] [ERROR] Failed to load resource: the server responded with a status of 403 () @ chrome-error://chromewebdata/:0
[   10806ms] [ERROR] Refused to display 'https://devant-cdn.wso2.com/' in a frame because it set 'X-Frame-Options' to 'sameorigin'. @ chrome-error://chromewebdata/:0
[   12005ms] [ERROR] %c  ERR color: #f33 [trusted_script_src] Invalid script url: https://devant-cdn.wso2.com/20251114021829/node_modules/vscode-textmate/release/main.js: Error: [trusted_script_src] Invalid script url: https://devant-cdn.wso2.com/20251114021829/node_modules/vscode-textmate/release/main.js
    at createScriptURL (https://devant-cdn.wso2.com/20251114021829/out/vs/code/browser/workbench/workbench.js:535:4489)
    at https://devant-cdn.wso2.com/20251114021829/out/vs/code/browser/workbench/workbench.js:535:5608
    at new Promise (<anonymous>)
    at zMi.h (https://devant-cdn.wso2.com/20251114021829/out/vs/code/browser/workbench/workbench.js:535:5275)
    at zMi.load (https://devant-cdn.wso2.com/20251114021829/out/vs/code/browser/workbench/workbench.js:535:4868)
    at Jd (https://devant-cdn.wso2.com/20251114021829/out/vs/code/browser/workbench/workbench.js:535:6430)
    at wKe.S (https://devant-cdn.wso2.com/20251114021829/out/vs/code/browser/workbench/workbench.js:1316:5577)
    at wKe.U (https://devant-cdn.wso2.com/20251114021829/out/vs/code/browser/workbench/workbench.js:1316:6032)
    at zji.b (https://devant-cdn.wso2.com/20251114021829/out/vs/code/browser/workbench/workbench.js:1316:3961)
    at get tokenizationSupport (https://devant-cdn.wso2.com/20251114021829/out/vs/code/browser/workbench/workbench.js:73:90068) @ https://devant-cdn.wso2.com/20251114021829/out/vs/code/browser/workbench/workbench.js:33
[   12058ms] [ERROR] Access to fetch at 'https://devant-cdn.wso2.com/20251114021829/node_modules/vscode-oniguruma/release/onig.wasm' from origin 'https://0c4da781-e1fb-4e8a-a9c4-ed5cf49adb7f.editor.e1-us-east-azure.devant.dev' has been blocked by CORS policy: No 'Access-Control-Allow-Origin' header is present on the requested resource. @ https://0c4da781-e1fb-4e8a-a9c4-ed5cf49adb7f.editor.e1-us-east-azure.devant.dev/?folder=%2Ftmp%2Fchouser%2Fproject:0
[   12058ms] [ERROR] Failed to load resource: net::ERR_FAILED @ https://devant-cdn.wso2.com/20251114021829/node_modules/vscode-oniguruma/release/onig.wasm:0
[   13716ms] [ERROR] %c  ERR color: #f33 navigator is now a global in nodejs, please see https://aka.ms/vscode-extensions/navigator for additional info on this error.: PendingMigrationError: navigator is now a global in nodejs, please see https://aka.ms/vscode-extensions/navigator for additional info on this error.
    at get (file:///usr/lib/code-server/lib/vscode/out/vs/workbench/api/node/extensionHostProcess.js:388:6355)
    at Object.<anonymous> (/tmp/chouser/.vscode-server-devant/extensions/anweber.vscode-httpyac/dist/extension.js:146:20422)
    at /tmp/chouser/.vscode-server-devant/extensions/anweber.vscode-httpyac/dist/extension.js:146:39939
    at /tmp/chouser/.vscode-server-devant/extensions/anweber.vscode-httpyac/dist/extension.js:1:263
    at /tmp/chouser/.vscode-server-devant/extensions/anweber.vscode-httpyac/dist/extension.js:146:44273
    at /tmp/chouser/.vscode-server-devant/extensions/anweber.vscode-httpyac/dist/extension.js:1:263
    at /tmp/chouser/.vscode-server-devant/extensions/anweber.vscode-httpyac/dist/extension.js:146:63412
    at /tmp/chouser/.vscode-server-devant/extensions/anweber.vscode-httpyac/dist/extension.js:1:263
    at /tmp/chouser/.vscode-server-devant/extensions/anweber.vscode-httpyac/dist/extension.js:146:63998
    at /tmp/chouser/.vscode-server-devant/extensions/anweber.vscode-httpyac/dist/extension.js:1:263
    at /tmp/chouser/.vscode-server-devant/extensions/anweber.vscode-httpyac/dist/extension.js:146:68430
    at /tmp/chouser/.vscode-server-devant/extensions/anweber.vscode-httpyac/dist/extension.js:1:263
    at /tmp/chouser/.vscode-server-devant/extensions/anweber.vscode-httpyac/dist/extension.js:146:83347
    at /tmp/chouser/.vscode-server-devant/extensions/anweber.vscode-httpyac/dist/extension.js:1:263
    at /tmp/chouser/.vscode-server-devant/extensions/anweber.vscode-httpyac/dist/extension.js:146:84196
    at /tmp/chouser/.vscode-server-devant/extensions/anweber.vscode-httpyac/dist/extension.js:1:263
    at /tmp/chouser/.vscode-server-devant/extensions/anweber.vscode-httpyac/dist/extension.js:163:44570
    at /tmp/chouser/.vscode-server-devant/extensions/anweber.vscode-httpyac/dist/extension.js:1:263
    at Object.<anonymous> (/tmp/chouser/.vscode-server-devant/extensions/anweber.vscode-httpyac/dist/extension.js:315:14243)
    at Module._compile (node:internal/modules/cjs/loader:1730:14)
    at Object..js (node:internal/modules/cjs/loader:1895:10)
    at Module.load (node:internal/modules/cjs/loader:1465:32)
    at Function.<anonymous> (node:internal/modules/cjs/loader:1282:12)
    at e._load (file:///usr/lib/code-server/lib/vscode/out/vs/workbench/api/node/extensionHostProcess.js:388:5728)
    at t._load (file:///usr/lib/code-server/lib/vscode/out/vs/workbench/api/node/extensionHostProcess.js:206:22695)
    at r._load (file:///usr/lib/code-server/lib/vscode/out/vs/workbench/api/node/extensionHostProcess.js:198:25788)
    at TracingChannel.traceSync (node:diagnostics_channel:322:14)
    at wrapModuleLoad (node:internal/modules/cjs/loader:235:24)
    at Module.require (node:internal/modules/cjs/loader:1487:12)
    at require (node:internal/modules/helpers:135:16)
    at RZ.Cb (file:///usr/lib/code-server/lib/vscode/out/vs/workbench/api/node/extensionHostProcess.js:237:1816) @ https://devant-cdn.wso2.com/20251114021829/out/vs/code/browser/workbench/workbench.js:33
[   13717ms] [ERROR] %c  ERR color: #f33 navigator is now a global in nodejs, please see https://aka.ms/vscode-extensions/navigator for additional info on this error.: PendingMigrationError: navigator is now a global in nodejs, please see https://aka.ms/vscode-extensions/navigator for additional info on this error.
    at get (file:///usr/lib/code-server/lib/vscode/out/vs/workbench/api/node/extensionHostProcess.js:388:6355)
    at Oke (/tmp/chouser/.vscode-server-devant/extensions/anweber.vscode-httpyac/dist/extension.js:147:184913)
    at /tmp/chouser/.vscode-server-devant/extensions/anweber.vscode-httpyac/dist/extension.js:147:184967
    at /tmp/chouser/.vscode-server-devant/extensions/anweber.vscode-httpyac/dist/extension.js:1:263
    at /tmp/chouser/.vscode-server-devant/extensions/anweber.vscode-httpyac/dist/extension.js:147:194257
    at /tmp/chouser/.vscode-server-devant/extensions/anweber.vscode-httpyac/dist/extension.js:1:263
    at /tmp/chouser/.vscode-server-devant/extensions/anweber.vscode-httpyac/dist/extension.js:147:194727
    at /tmp/chouser/.vscode-server-devant/extensions/anweber.vscode-httpyac/dist/extension.js:1:263
    at /tmp/chouser/.vscode-server-devant/extensions/anweber.vscode-httpyac/dist/extension.js:147:196773
    at /tmp/chouser/.vscode-server-devant/extensions/anweber.vscode-httpyac/dist/extension.js:1:263
    at /tmp/chouser/.vscode-server-devant/extensions/anweber.vscode-httpyac/dist/extension.js:153:13171
    at /tmp/chouser/.vscode-server-devant/extensions/anweber.vscode-httpyac/dist/extension.js:1:263
    at /tmp/chouser/.vscode-server-devant/extensions/anweber.vscode-httpyac/dist/extension.js:153:14563
    at /tmp/chouser/.vscode-server-devant/extensions/anweber.vscode-httpyac/dist/extension.js:1:263
    at /tmp/chouser/.vscode-server-devant/extensions/anweber.vscode-httpyac/dist/extension.js:279:8175
    at /tmp/chouser/.vscode-server-devant/extensions/anweber.vscode-httpyac/dist/extension.js:1:263
    at Object.<anonymous> (/tmp/chouser/.vscode-server-devant/extensions/anweber.vscode-httpyac/dist/extension.js:315:14243)
    at Module._compile (node:internal/modules/cjs/loader:1730:14)
    at Object..js (node:internal/modules/cjs/loader:1895:10)
    at Module.load (node:internal/modules/cjs/loader:1465:32)
    at Function.<anonymous> (node:internal/modules/cjs/loader:1282:12)
    at e._load (file:///usr/lib/code-server/lib/vscode/out/vs/workbench/api/node/extensionHostProcess.js:388:5728)
    at t._load (file:///usr/lib/code-server/lib/vscode/out/vs/workbench/api/node/extensionHostProcess.js:206:22695)
    at r._load (file:///usr/lib/code-server/lib/vscode/out/vs/workbench/api/node/extensionHostProcess.js:198:25788)
    at TracingChannel.traceSync (node:diagnostics_channel:322:14)
    at wrapModuleLoad (node:internal/modules/cjs/loader:235:24)
    at Module.require (node:internal/modules/cjs/loader:1487:12)
    at require (node:internal/modules/helpers:135:16)
    at RZ.Cb (file:///usr/lib/code-server/lib/vscode/out/vs/workbench/api/node/extensionHostProcess.js:237:1816) @ https://devant-cdn.wso2.com/20251114021829/out/vs/code/browser/workbench/workbench.js:33
[   13717ms] [ERROR] %c  ERR color: #f33 navigator is now a global in nodejs, please see https://aka.ms/vscode-extensions/navigator for additional info on this error.: PendingMigrationError: navigator is now a global in nodejs, please see https://aka.ms/vscode-extensions/navigator for additional info on this error.
    at get (file:///usr/lib/code-server/lib/vscode/out/vs/workbench/api/node/extensionHostProcess.js:388:6355)
    at Oke (/tmp/chouser/.vscode-server-devant/extensions/anweber.vscode-httpyac/dist/extension.js:147:184913)
    at /tmp/chouser/.vscode-server-devant/extensions/anweber.vscode-httpyac/dist/extension.js:147:185018
    at /tmp/chouser/.vscode-server-devant/extensions/anweber.vscode-httpyac/dist/extension.js:1:263
    at /tmp/chouser/.vscode-server-devant/extensions/anweber.vscode-httpyac/dist/extension.js:147:194257
    at /tmp/chouser/.vscode-server-devant/extensions/anweber.vscode-httpyac/dist/extension.js:1:263
    at /tmp/chouser/.vscode-server-devant/extensions/anweber.vscode-httpyac/dist/extension.js:147:194727
    at /tmp/chouser/.vscode-server-devant/extensions/anweber.vscode-httpyac/dist/extension.js:1:263
    at /tmp/chouser/.vscode-server-devant/extensions/anweber.vscode-httpyac/dist/extension.js:147:196773
    at /tmp/chouser/.vscode-server-devant/extensions/anweber.vscode-httpyac/dist/extension.js:1:263
    at /tmp/chouser/.vscode-server-devant/extensions/anweber.vscode-httpyac/dist/extension.js:153:13171
    at /tmp/chouser/.vscode-server-devant/extensions/anweber.vscode-httpyac/dist/extension.js:1:263
    at /tmp/chouser/.vscode-server-devant/extensions/anweber.vscode-httpyac/dist/extension.js:153:14563
    at /tmp/chouser/.vscode-server-devant/extensions/anweber.vscode-httpyac/dist/extension.js:1:263
    at /tmp/chouser/.vscode-server-devant/extensions/anweber.vscode-httpyac/dist/extension.js:279:8175
    at /tmp/chouser/.vscode-server-devant/extensions/anweber.vscode-httpyac/dist/extension.js:1:263
    at Object.<anonymous> (/tmp/chouser/.vscode-server-devant/extensions/anweber.vscode-httpyac/dist/extension.js:315:14243)
    at Module._compile (node:internal/modules/cjs/loader:1730:14)
    at Object..js (node:internal/modules/cjs/loader:1895:10)
    at Module.load (node:internal/modules/cjs/loader:1465:32)
    at Function.<anonymous> (node:internal/modules/cjs/loader:1282:12)
    at e._load (file:///usr/lib/code-server/lib/vscode/out/vs/workbench/api/node/extensionHostProcess.js:388:5728)
    at t._load (file:///usr/lib/code-server/lib/vscode/out/vs/workbench/api/node/extensionHostProcess.js:206:22695)
    at r._load (file:///usr/lib/code-server/lib/vscode/out/vs/workbench/api/node/extensionHostProcess.js:198:25788)
    at TracingChannel.traceSync (node:diagnostics_channel:322:14)
    at wrapModuleLoad (node:internal/modules/cjs/loader:235:24)
    at Module.require (node:internal/modules/cjs/loader:1487:12)
    at require (node:internal/modules/helpers:135:16)
    at RZ.Cb (file:///usr/lib/code-server/lib/vscode/out/vs/workbench/api/node/extensionHostProcess.js:237:1816) @ https://devant-cdn.wso2.com/20251114021829/out/vs/code/browser/workbench/workbench.js:33
[   13718ms] [ERROR] %c  ERR color: #f33 navigator is now a global in nodejs, please see https://aka.ms/vscode-extensions/navigator for additional info on this error.: PendingMigrationError: navigator is now a global in nodejs, please see https://aka.ms/vscode-extensions/navigator for additional info on this error.
    at get (file:///usr/lib/code-server/lib/vscode/out/vs/workbench/api/node/extensionHostProcess.js:388:6355)
    at 43306 (/tmp/chouser/.vscode-server-devant/extensions/redhat.vscode-yaml/dist/extension.js:2:582119)
    at a (/tmp/chouser/.vscode-server-devant/extensions/redhat.vscode-yaml/dist/extension.js:2:1073478)
    at 38346 (/tmp/chouser/.vscode-server-devant/extensions/redhat.vscode-yaml/dist/extension.js:2:3159)
    at a (/tmp/chouser/.vscode-server-devant/extensions/redhat.vscode-yaml/dist/extension.js:2:1073478)
    at 18286 (/tmp/chouser/.vscode-server-devant/extensions/redhat.vscode-yaml/dist/extension.js:2:27881)
    at a (/tmp/chouser/.vscode-server-devant/extensions/redhat.vscode-yaml/dist/extension.js:2:1073478)
    at 61945 (/tmp/chouser/.vscode-server-devant/extensions/redhat.vscode-yaml/dist/extension.js:2:26126)
    at a (/tmp/chouser/.vscode-server-devant/extensions/redhat.vscode-yaml/dist/extension.js:2:1073478)
    at 78580 (/tmp/chouser/.vscode-server-devant/extensions/redhat.vscode-yaml/dist/extension.js:2:22259)
    at a (/tmp/chouser/.vscode-server-devant/extensions/redhat.vscode-yaml/dist/extension.js:2:1073478)
    at /tmp/chouser/.vscode-server-devant/extensions/redhat.vscode-yaml/dist/extension.js:2:1074045
    at /tmp/chouser/.vscode-server-devant/extensions/redhat.vscode-yaml/dist/extension.js:2:1074637
    at Object.<anonymous> (/tmp/chouser/.vscode-server-devant/extensions/redhat.vscode-yaml/dist/extension.js:2:1074658)
    at Module._compile (node:internal/modules/cjs/loader:1730:14)
    at Object..js (node:internal/modules/cjs/loader:1895:10)
    at Module.load (node:internal/modules/cjs/loader:1465:32)
    at Function.<anonymous> (node:internal/modules/cjs/loader:1282:12)
    at e._load (file:///usr/lib/code-server/lib/vscode/out/vs/workbench/api/node/extensionHostProcess.js:388:5728)
    at t._load (file:///usr/lib/code-server/lib/vscode/out/vs/workbench/api/node/extensionHostProcess.js:206:22695)
    at r._load (file:///usr/lib/code-server/lib/vscode/out/vs/workbench/api/node/extensionHostProcess.js:198:25788)
    at TracingChannel.traceSync (node:diagnostics_channel:322:14)
    at wrapModuleLoad (node:internal/modules/cjs/loader:235:24)
    at Module.require (node:internal/modules/cjs/loader:1487:12)
    at require (node:internal/modules/helpers:135:16)
    at RZ.Cb (file:///usr/lib/code-server/lib/vscode/out/vs/workbench/api/node/extensionHostProcess.js:237:1816) @ https://devant-cdn.wso2.com/20251114021829/out/vs/code/browser/workbench/workbench.js:33
[   13719ms] [ERROR] %c  ERR color: #f33 [Extension Host] (node:287) [DEP0040] DeprecationWarning: The `punycode` module is deprecated. Please use a userland alternative instead.
(Use `node --trace-deprecation ...` to show where the warning was created) @ https://devant-cdn.wso2.com/20251114021829/out/vs/code/browser/workbench/workbench.js:33
[   13719ms] [ERROR] %c[Extension Host] %c(node:287) [DEP0040] DeprecationWarning: The `punycode` module is deprecated. Please use a userland alternative instead.
(Use `node --trace-deprecation ...` to show where the warning was created) color: blue color:  @ https://devant-cdn.wso2.com/20251114021829/out/vs/code/browser/workbench/workbench.js:522
[   14825ms] [ERROR] %c  ERR color: #f33 An unknown error occurred. Please consult the log for more details. @ https://devant-cdn.wso2.com/20251114021829/out/vs/code/browser/workbench/workbench.js:33
[   15634ms] [ERROR] %c  ERR color: #f33 [trusted_script_src] Invalid script url: https://devant-cdn.wso2.com/20251114021829/node_modules/vscode-oniguruma/release/main.js: Error: [trusted_script_src] Invalid script url: https://devant-cdn.wso2.com/20251114021829/node_modules/vscode-oniguruma/release/main.js
    at createScriptURL (https://devant-cdn.wso2.com/20251114021829/out/vs/code/browser/workbench/workbench.js:535:4489)
    at https://devant-cdn.wso2.com/20251114021829/out/vs/code/browser/workbench/workbench.js:535:5608
    at new Promise (<anonymous>)
    at zMi.h (https://devant-cdn.wso2.com/20251114021829/out/vs/code/browser/workbench/workbench.js:535:5275)
    at zMi.load (https://devant-cdn.wso2.com/20251114021829/out/vs/code/browser/workbench/workbench.js:535:4868)
    at Jd (https://devant-cdn.wso2.com/20251114021829/out/vs/code/browser/workbench/workbench.js:535:6430)
    at https://devant-cdn.wso2.com/20251114021829/out/vs/code/browser/workbench/workbench.js:1316:7262
    at wKe.Y (https://devant-cdn.wso2.com/20251114021829/out/vs/code/browser/workbench/workbench.js:1316:7372)
    at wKe.S (https://devant-cdn.wso2.com/20251114021829/out/vs/code/browser/workbench/workbench.js:1316:5622)
    at wKe.U (https://devant-cdn.wso2.com/20251114021829/out/vs/code/browser/workbench/workbench.js:1316:6032) @ https://devant-cdn.wso2.com/20251114021829/out/vs/code/browser/workbench/workbench.js:33
[   16047ms] [WARNING] %c[Extension Host] %crejected promise not handled within 1 second: Error [ERR_STREAM_DESTROYED]: Cannot call write after a stream was destroyed color: blue color:  @ https://devant-cdn.wso2.com/20251114021829/out/vs/code/browser/workbench/workbench.js:522
[   16047ms] [WARNING] %c[Extension Host] %cstack trace: Error: Cannot call write after a stream was destroyed
	at _write (node:internal/streams/writable:491:11)
	at Writable.write (node:internal/streams/writable:510:10)
	at /tmp/chouser/.vscode-server-devant/extensions/wso2.wso2-platform/dist/extension.js:2:188205
	at new Promise (<anonymous>)
	at WritableStreamWrapper.write (/tmp/chouser/.vscode-server-devant/extensions/wso2.wso2-platform/dist/extension.js:2:188117)
	at StreamMessageWriter.doWrite (/tmp/chouser/.vscode-server-devant/extensions/wso2.wso2-platform/dist/extension.js:2:605342)
	at /tmp/chouser/.vscode-server-devant/extensions/wso2.wso2-platform/dist/extension.js:2:605241
	at runNextTicks (node:internal/process/task_queues:65:5)
	at process.processImmediate (node:internal/timers:453:9) color: blue color:  @ https://devant-cdn.wso2.com/20251114021829/out/vs/code/browser/workbench/workbench.js:522
[   16048ms] [ERROR] [wso2.wso2-platform]Cannot call write after a stream was destroyed @ https://devant-cdn.wso2.com/20251114021829/out/vs/code/browser/workbench/workbench.js:546
[   16048ms] [ERROR] Error: Cannot call write after a stream was destroyed
	at _write (node:internal/streams/writable:491:11)
	at Writable.write (node:internal/streams/writable:510:10)
	at /tmp/chouser/.vscode-server-devant/extensions/wso2.wso2-platform/dist/extension.js:2:188205
	at new Promise (<anonymous>)
	at WritableStreamWrapper.write (/tmp/chouser/.vscode-server-devant/extensions/wso2.wso2-platform/dist/extension.js:2:188117)
	at StreamMessageWriter.doWrite (/tmp/chouser/.vscode-server-devant/extensions/wso2.wso2-platform/dist/extension.js:2:605342)
	at /tmp/chouser/.vscode-server-devant/extensions/wso2.wso2-platform/dist/extension.js:2:605241
	at runNextTicks (node:internal/process/task_queues:65:5)
	at process.processImmediate (node:internal/timers:453:9) @ https://devant-cdn.wso2.com/20251114021829/out/vs/code/browser/workbench/workbench.js:546
[   16049ms] [ERROR] %c  ERR color: #f33 An unknown error occurred. Please consult the log for more details. @ https://devant-cdn.wso2.com/20251114021829/out/vs/code/browser/workbench/workbench.js:33
[   22735ms] [WARNING] An iframe which has both allow-scripts and allow-same-origin for its sandbox attribute can escape its sandboxing. @ https://devant-cdn.wso2.com/20251114021829/out/vs/code/browser/workbench/workbench.js:3596
[   10798ms] [ERROR] Failed to load resource: the server responded with a status of 403 () @ chrome-error://chromewebdata/:0
[   10806ms] [ERROR] Refused to display 'https://devant-cdn.wso2.com/' in a frame because it set 'X-Frame-Options' to 'sameorigin'. @ chrome-error://chromewebdata/:0
[   22857ms] [ERROR] Failed to load resource: the server responded with a status of 403 () @ chrome-error://chromewebdata/:0
[   22864ms] [ERROR] Refused to display 'https://devant-cdn.wso2.com/' in a frame because it set 'X-Frame-Options' to 'sameorigin'. @ chrome-error://chromewebdata/:0
[   54356ms] [WARNING] %c[Extension Host] %crejected promise not handled within 1 second: Error: command 'getContext' not found color: blue color:  @ https://devant-cdn.wso2.com/20251114021829/out/vs/code/browser/workbench/workbench.js:522
[   54356ms] [WARNING] %c[Extension Host] %cstack trace: Error: command 'getContext' not found
    at fqe.n (https://devant-cdn.wso2.com/20251114021829/out/vs/code/browser/workbench/workbench.js:1251:3892)
    at fqe.executeCommand (https://devant-cdn.wso2.com/20251114021829/out/vs/code/browser/workbench/workbench.js:1251:3824) color: blue color:  @ https://devant-cdn.wso2.com/20251114021829/out/vs/code/browser/workbench/workbench.js:522
[   54356ms] [ERROR] %c  ERR color: #f33 command 'getContext' not found @ https://devant-cdn.wso2.com/20251114021829/out/vs/code/browser/workbench/workbench.js:33
[   70580ms] [WARNING] The Web Worker Extension Host did not start in 60s, that might be a problem. @ https://devant-cdn.wso2.com/20251114021829/out/vs/code/browser/workbench/workbench.js:3556
