[    1110ms] [ERROR] Failed to load resource: the server responded with a status of 404 () @ https://cdn.matomo.cloud/wso20.matomo.cloud/matomo.js:0
[   15007ms] [ERROR] Failed to load resource: the server responded with a status of 403 () @ https://devant-cdn.wso2.com/20251114021829/node_modules/vsda/rust/web/vsda_bg.wasm:0
[   16208ms] [WARNING] The web worker extension host is started in a same-origin iframe! @ https://devant-cdn.wso2.com/20251114021829/out/vs/code/browser/workbench/workbench.js:3556
[   21092ms] [ERROR] %c  ERR color: #f33 [Extension Host] (node:301) [DEP0040] DeprecationWarning: The `punycode` module is deprecated. Please use a userland alternative instead.
(Use `node --trace-deprecation ...` to show where the warning was created) @ https://devant-cdn.wso2.com/20251114021829/out/vs/code/browser/workbench/workbench.js:33
[   21093ms] [ERROR] %c[Extension Host] %c(node:301) [DEP0040] DeprecationWarning: The `punycode` module is deprecated. Please use a userland alternative instead.
(Use `node --trace-deprecation ...` to show where the warning was created) color: blue color:  @ https://devant-cdn.wso2.com/20251114021829/out/vs/code/browser/workbench/workbench.js:522
[   22166ms] [ERROR] %c  ERR color: #f33 An unknown error occurred. Please consult the log for more details. @ https://devant-cdn.wso2.com/20251114021829/out/vs/code/browser/workbench/workbench.js:33
[   23001ms] [ERROR] %c  ERR color: #f33 [trusted_script_src] Invalid script url: https://devant-cdn.wso2.com/20251114021829/node_modules/vscode-textmate/release/main.js: Error: [trusted_script_src] Invalid script url: https://devant-cdn.wso2.com/20251114021829/node_modules/vscode-textmate/release/main.js
    at createScriptURL (https://devant-cdn.wso2.com/20251114021829/out/vs/code/browser/workbench/workbench.js:535:4489)
    at https://devant-cdn.wso2.com/20251114021829/out/vs/code/browser/workbench/workbench.js:535:5608
    at new Promise (<anonymous>)
    at zMi.h (https://devant-cdn.wso2.com/20251114021829/out/vs/code/browser/workbench/workbench.js:535:5275)
    at zMi.load (https://devant-cdn.wso2.com/20251114021829/out/vs/code/browser/workbench/workbench.js:535:4868)
    at Jd (https://devant-cdn.wso2.com/20251114021829/out/vs/code/browser/workbench/workbench.js:535:6430)
    at wKe.S (https://devant-cdn.wso2.com/20251114021829/out/vs/code/browser/workbench/workbench.js:1316:5577)
    at wKe.U (https://devant-cdn.wso2.com/20251114021829/out/vs/code/browser/workbench/workbench.js:1316:6032)
    at zji.b (https://devant-cdn.wso2.com/20251114021829/out/vs/code/browser/workbench/workbench.js:1316:3961)
    at get tokenizationSupport (https://devant-cdn.wso2.com/20251114021829/out/vs/code/browser/workbench/workbench.js:73:90068) @ https://devant-cdn.wso2.com/20251114021829/out/vs/code/browser/workbench/workbench.js:33
[   23252ms] [WARNING] %c[Extension Host] %crejected promise not handled within 1 second: Error [ERR_STREAM_DESTROYED]: Cannot call write after a stream was destroyed color: blue color:  @ https://devant-cdn.wso2.com/20251114021829/out/vs/code/browser/workbench/workbench.js:522
[   23252ms] [WARNING] %c[Extension Host] %cstack trace: Error: Cannot call write after a stream was destroyed
	at _write (node:internal/streams/writable:491:11)
	at Writable.write (node:internal/streams/writable:510:10)
	at /tmp/chouser/.vscode-server-devant/extensions/wso2.wso2-platform/dist/extension.js:2:188205
	at new Promise (<anonymous>)
	at WritableStreamWrapper.write (/tmp/chouser/.vscode-server-devant/extensions/wso2.wso2-platform/dist/extension.js:2:188117)
	at StreamMessageWriter.doWrite (/tmp/chouser/.vscode-server-devant/extensions/wso2.wso2-platform/dist/extension.js:2:605342)
	at /tmp/chouser/.vscode-server-devant/extensions/wso2.wso2-platform/dist/extension.js:2:605241
	at runNextTicks (node:internal/process/task_queues:65:5)
	at process.processImmediate (node:internal/timers:453:9) color: blue color:  @ https://devant-cdn.wso2.com/20251114021829/out/vs/code/browser/workbench/workbench.js:522
[   23252ms] [ERROR] [wso2.wso2-platform]Cannot call write after a stream was destroyed @ https://devant-cdn.wso2.com/20251114021829/out/vs/code/browser/workbench/workbench.js:546
[   23252ms] [ERROR] Error: Cannot call write after a stream was destroyed
	at _write (node:internal/streams/writable:491:11)
	at Writable.write (node:internal/streams/writable:510:10)
	at /tmp/chouser/.vscode-server-devant/extensions/wso2.wso2-platform/dist/extension.js:2:188205
	at new Promise (<anonymous>)
	at WritableStreamWrapper.write (/tmp/chouser/.vscode-server-devant/extensions/wso2.wso2-platform/dist/extension.js:2:188117)
	at StreamMessageWriter.doWrite (/tmp/chouser/.vscode-server-devant/extensions/wso2.wso2-platform/dist/extension.js:2:605342)
	at /tmp/chouser/.vscode-server-devant/extensions/wso2.wso2-platform/dist/extension.js:2:605241
	at runNextTicks (node:internal/process/task_queues:65:5)
	at process.processImmediate (node:internal/timers:453:9) @ https://devant-cdn.wso2.com/20251114021829/out/vs/code/browser/workbench/workbench.js:546
[   23253ms] [ERROR] %c  ERR color: #f33 An unknown error occurred. Please consult the log for more details. @ https://devant-cdn.wso2.com/20251114021829/out/vs/code/browser/workbench/workbench.js:33
[   23773ms] [ERROR] Failed to load resource: the server responded with a status of 403 () @ https://devant-cdn.wso2.com/20251114021829/node_modules/vscode-oniguruma/release/onig.wasm:0
[   28335ms] [WARNING] An iframe which has both allow-scripts and allow-same-origin for its sandbox attribute can escape its sandboxing. @ https://devant-cdn.wso2.com/20251114021829/out/vs/code/browser/workbench/workbench.js:3596
[   29590ms] [WARNING] Removing unsupported meta http-equiv: X-UA-Compatible @ https://devant-cdn.wso2.com/20251114021829/out/vs/workbench/contrib/webview/browser/pre/index.html?id=a1da571f-735e-43ab-89e1-c14287cc9cba&parentId=1&origin=d6ecf26e-8a22-4be8-be44-b513a3cc1a1e&swVersion=4&extensionId=wso2.ballerina&platform=browser&vscode-resource-base-authority=vscode-resource.vscode-cdn.net&parentOrigin=https%3A%2F%2F0c4da781-e1fb-4e8a-a9c4-ed5cf49adb7f.editor.e1-us-east-azure.devant.dev&remoteAuthority=0c4da781-e1fb-4e8a-a9c4-ed5cf49adb7f.editor.e1-us-east-azure.devant.dev:891
[   30247ms] [WARNING] %c[Extension Host] %crejected promise not handled within 1 second: Error: command 'getContext' not found color: blue color:  @ https://devant-cdn.wso2.com/20251114021829/out/vs/code/browser/workbench/workbench.js:522
[   30247ms] [WARNING] %c[Extension Host] %cstack trace: Error: command 'getContext' not found
    at fqe.n (https://devant-cdn.wso2.com/20251114021829/out/vs/code/browser/workbench/workbench.js:1251:3892)
    at fqe.executeCommand (https://devant-cdn.wso2.com/20251114021829/out/vs/code/browser/workbench/workbench.js:1251:3824) color: blue color:  @ https://devant-cdn.wso2.com/20251114021829/out/vs/code/browser/workbench/workbench.js:522
[   30247ms] [ERROR] %c  ERR color: #f33 command 'getContext' not found @ https://devant-cdn.wso2.com/20251114021829/out/vs/code/browser/workbench/workbench.js:33
[   30387ms] [ERROR] Failed to load resource: the server responded with a status of 401 () @ https://vscode-remote+0c4da781-002de1fb-002d4e8a-002da9c4-002ded5cf49adb7f-002eeditor-002ee1-002dus-002deast-002dazure-002edevant-002edev.vscode-resource.vscode-cdn.net/tmp/chouser/.vscode-server-devant/extensions/wso2.ballerina/node_modules/%40wso2/font-wso2-vscode/dist/wso2-vscode.css:0
[   30885ms] [ERROR] Failed to load resource: the server responded with a status of 404 () @ https://vscode-remote+0c4da781-002de1fb-002d4e8a-002da9c4-002ded5cf49adb7f-002eeditor-002ee1-002dus-002deast-002dazure-002edevant-002edev.vscode-resource.vscode-cdn.net/tmp/chouser/.vscode-server-devant/extensions/wso2.ballerina/resources/jslibs/themes/ballerina-default.min.css:0
[   39282ms] [WARNING] Received notification with unknown method: popupStateChanged @ https://vscode-remote+0c4da781-002de1fb-002d4e8a-002da9c4-002ded5cf49adb7f-002eeditor-002ee1-002dus-002deast-002dazure-002edevant-002edev.vscode-resource.vscode-cdn.net/tmp/chouser/.vscode-server-devant/extensions/wso2.ballerina/resources/jslibs/Visualizer.js:131
[   39284ms] [WARNING] Received notification with unknown method: popupStateChanged @ https://vscode-remote+0c4da781-002de1fb-002d4e8a-002da9c4-002ded5cf49adb7f-002eeditor-002ee1-002dus-002deast-002dazure-002edevant-002edev.vscode-resource.vscode-cdn.net/tmp/chouser/.vscode-server-devant/extensions/wso2.ballerina/resources/jslibs/Visualizer.js:131
[   86674ms] [ERROR] %c  ERR color: #f33 [trusted_script_src] Invalid script url: https://devant-cdn.wso2.com/20251114021829/node_modules/vscode-oniguruma/release/main.js: Error: [trusted_script_src] Invalid script url: https://devant-cdn.wso2.com/20251114021829/node_modules/vscode-oniguruma/release/main.js
    at createScriptURL (https://devant-cdn.wso2.com/20251114021829/out/vs/code/browser/workbench/workbench.js:535:4489)
    at https://devant-cdn.wso2.com/20251114021829/out/vs/code/browser/workbench/workbench.js:535:5608
    at new Promise (<anonymous>)
    at zMi.h (https://devant-cdn.wso2.com/20251114021829/out/vs/code/browser/workbench/workbench.js:535:5275)
    at zMi.load (https://devant-cdn.wso2.com/20251114021829/out/vs/code/browser/workbench/workbench.js:535:4868)
    at Jd (https://devant-cdn.wso2.com/20251114021829/out/vs/code/browser/workbench/workbench.js:535:6430)
    at https://devant-cdn.wso2.com/20251114021829/out/vs/code/browser/workbench/workbench.js:1316:7262
    at wKe.Y (https://devant-cdn.wso2.com/20251114021829/out/vs/code/browser/workbench/workbench.js:1316:7372)
    at wKe.S (https://devant-cdn.wso2.com/20251114021829/out/vs/code/browser/workbench/workbench.js:1316:5622)
    at wKe.U (https://devant-cdn.wso2.com/20251114021829/out/vs/code/browser/workbench/workbench.js:1316:6032) @ https://devant-cdn.wso2.com/20251114021829/out/vs/code/browser/workbench/workbench.js:33
